<?xml version="1.0" encoding="UTF-8"?>
<testsuite xmlns:xsi="http://www.w3.org/2001/XMLSchema-instance" xsi:noNamespaceSchemaLocation="https://maven.apache.org/surefire/maven-surefire-plugin/xsd/surefire-test-report.xsd" name="CalculatorTest" time="0.004" tests="2" errors="0" skipped="0" failures="0">
  <properties>
[...]
</properties>
  <testcase name="CalculatorTest.testAddTwoPositivNB" classname="CalculatorTest" time="0"/>
  <testcase name="CalculatorTest.testmultiply" classname="CalculatorTest" time="0"/>
</testsuite>